2026-04-08 16:21:01.086 [main] DEBUG io.ktor.server.Application - Java Home: C:\Users\victor.bonte\scoop\apps\openjdk
2026-04-08 16:21:01.089 [main] DEBUG io.ktor.server.Application - Class Loader: jdk.internal.loader.ClassLoaders$AppClassLoader@105be200: [file:/C:/Users/victor.bonte/Documents/Projects/minekot.org/site/.kobweb/server/server.jar!/okio/]
2026-04-08 16:21:01.157 [main] INFO  io.ktor.server.Application - Initializing server engine for Kobweb project "MineKot"
2026-04-08 16:21:01.162 [main] WARN  io.ktor.server.Application - API jar specified but does not exist! Please fix conf.yaml, updating the path (or removing the value if you aren't declaring API endpoints). Invalid path: "build\libs\app.jar"
2026-04-08 16:21:01.441 [main] INFO  io.ktor.server.Application - CORS: No hosts registered.
2026-04-08 16:21:01.471 [main] INFO  io.ktor.server.Application - Application started in 0.895 seconds.
2026-04-08 16:21:01.962 [main] INFO  io.ktor.server.Application - Responding at http://127.0.0.1:8080
2026-04-08 16:21:22.399 [eventLoopGroupProxy-4-1] DEBUG io.ktor.server.Application - Served fallback index.html file in response to "/docs/"
2026-04-08 16:21:26.787 [eventLoopGroupProxy-4-2] DEBUG io.ktor.server.Application - Served fallback index.html file in response to "/docs/placeholder-2"
2026-04-08 16:21:33.649 [eventLoopGroupProxy-4-2] DEBUG io.ktor.server.Application - Served fallback index.html file in response to "/docs/placeholder-1"
2026-04-08 16:22:47.675 [eventLoopGroupProxy-4-3] DEBUG io.ktor.server.Application - Served fallback index.html file in response to "/addons/0001"
2026-04-08 16:22:50.279 [eventLoopGroupProxy-4-5] DEBUG io.ktor.server.Application - Served fallback index.html file in response to "/addons/0002"
2026-04-08 16:22:52.256 [eventLoopGroupProxy-4-7] DEBUG io.ktor.server.Application - Served fallback index.html file in response to "/addons/0003"
2026-04-08 16:22:54.148 [eventLoopGroupProxy-4-1] DEBUG io.ktor.server.Application - Served fallback index.html file in response to "/addons/0004"
2026-04-08 16:22:55.911 [eventLoopGroupProxy-4-3] DEBUG io.ktor.server.Application - Served fallback index.html file in response to "/addons/"
2026-04-08 16:22:57.694 [eventLoopGroupProxy-4-5] DEBUG io.ktor.server.Application - Served fallback index.html file in response to "/docs/"
2026-04-08 16:22:59.438 [eventLoopGroupProxy-4-7] DEBUG io.ktor.server.Application - Served fallback index.html file in response to "/"
2026-04-08 16:23:01.424 [eventLoopGroupProxy-4-1] DEBUG io.ktor.server.Application - Served fallback index.html file in response to "/not-found"
2026-04-08 16:23:03.236 [eventLoopGroupProxy-4-3] DEBUG io.ktor.server.Application - Served fallback index.html file in response to "/scripts/"
2026-04-08 16:23:05.093 [eventLoopGroupProxy-4-4] DEBUG io.ktor.server.Application - Served fallback index.html file in response to "/about"
2026-04-08 16:23:08.961 [kotlinx.coroutines.DefaultExecutor] INFO  io.ktor.server.Application - Kobweb server shutting down...
2026-04-08 16:23:08.994 [kotlinx.coroutines.DefaultExecutor] INFO  io.ktor.server.Application - Server finished shutting down.
