kotlin version: 2.3.10
error message: java.lang.OutOfMemoryError: GC overhead limit exceeded
	at java.base/java.util.Arrays.copyOfRange(Arrays.java:3849)
	at java.base/java.io.InputStream.readNBytes(InputStream.java:422)
	at java.base/java.io.InputStream.readAllBytes(InputStream.java:348)
	at jdk.zipfs/jdk.nio.zipfs.ZipFileSystem.newByteChannel(ZipFileSystem.java:1008)
	at jdk.zipfs/jdk.nio.zipfs.ZipPath.newByteChannel(ZipPath.java:857)
	at jdk.zipfs/jdk.nio.zipfs.ZipFileSystemProvider.newByteChannel(ZipFileSystemProvider.java:244)
	at java.base/java.nio.file.Files.newByteChannel(Files.java:357)
	at java.base/java.nio.file.Files.newByteChannel(Files.java:399)
	at java.base/java.nio.file.Files.readAllBytes(Files.java:2973)
	at org.jetbrains.kotlin.konan.file.File.readBytes(File.kt:140)
	at org.jetbrains.kotlin.library.impl.LowLevelReadersKt$IrArrayReader$1$1.invoke(lowLevelReaders.kt:27)
	at org.jetbrains.kotlin.library.impl.LowLevelReadersKt$IrArrayReader$1$1.invoke(lowLevelReaders.kt:27)
	at org.jetbrains.kotlin.library.impl.BaseLibraryAccess$inPlace$1.invoke(KotlinLibraryLayoutImpl.kt:46)
	at org.jetbrains.kotlin.library.impl.BaseLibraryAccess$inPlace$1.invoke(KotlinLibraryLayoutImpl.kt:45)
	at org.jetbrains.kotlin.konan.file.ZipFileSystemCacheableAccessor.withZipFileSystem(ZipFileSystemAccessor.kt:36)
	at org.jetbrains.kotlin.cli.common.DisposableZipFileSystemAccessor.withZipFileSystem(klibArguments.kt)
	at org.jetbrains.kotlin.library.impl.BaseLibraryAccess.inPlace(KotlinLibraryLayoutImpl.kt:45)
	at org.jetbrains.kotlin.library.impl.LowLevelReadersKt$IrArrayReader$1.invoke(lowLevelReaders.kt:27)
	at org.jetbrains.kotlin.library.impl.LowLevelReadersKt$IrArrayReader$1.invoke(lowLevelReaders.kt:27)
	at org.jetbrains.kotlin.library.impl.ReadBuffer$OnDemandMemoryBuffer.ensureBuffer(ReadBuffer.kt:100)
	at org.jetbrains.kotlin.library.impl.ReadBuffer$OnDemandMemoryBuffer.setPosition(ReadBuffer.kt:78)
	at org.jetbrains.kotlin.library.impl.LowLevelReadersKt.readTableItemBytes(lowLevelReaders.kt:206)
	at org.jetbrains.kotlin.library.impl.LowLevelReadersKt.readTableItemBytes(lowLevelReaders.kt:165)
	at org.jetbrains.kotlin.library.impl.LowLevelReadersKt.access$readTableItemBytes(lowLevelReaders.kt:1)
	at org.jetbrains.kotlin.library.impl.IrArrayReader.tableItemBytes(lowLevelReaders.kt:33)
	at org.jetbrains.kotlin.library.impl.IrLibraryImpl$IrDirectory.file(KotlinLibraryImpl.kt:125)
	at org.jetbrains.kotlin.backend.common.serialization.BasicIrModuleDeserializer.init(BasicIrModuleDeserializer.kt:62)
	at org.jetbrains.kotlin.ir.backend.js.lower.serialization.ir.JsIrLinker$JsModuleDeserializer.init(JsIrLinker.kt:78)
	at org.jetbrains.kotlin.backend.common.serialization.IrModuleDeserializer.init(IrModuleDeserializer.kt:84)
	at org.jetbrains.kotlin.backend.common.serialization.KotlinIrLinker.init(KotlinIrLinker.kt:206)
	at org.jetbrains.kotlin.ir.backend.js.ic.JsIrLinkerLoader.loadIr(JsIrLinkerLoader.kt:239)
	at org.jetbrains.kotlin.ir.backend.js.ic.JsIrLinkerLoader.loadIr$default(JsIrLinkerLoader.kt:211)


